{"uid":"f03135b75c62b3e8","name":"Bank account transfer for native user","fullName":"test.test_costumer_login.TestCostumerLogin#test_costumer_login_pege","historyId":"81073f16d66b974b0c2542bf9ff983f0","time":{"start":1710752156415,"stop":1710752173713,"duration":17298},"status":"failed","statusMessage":"AssertionError: This transactions is not show the list","statusTrace":"self = <feature_pages.costumer_login_page.CostumerLogin object at 0x73204fdb58a0>\n\n    @allure.step(\"Pay transfer list\")\n    def transaction_checking(self):\n        self.select_element_is_clickable(self.locator.TRANSACTION_BTN).click()\n        self.select_element_is_visibility(self.locator.LOGO_TEXT)\n        try:\n>           result = self.wait.until(EC.presence_of_all_elements_located(self.locator.LIST_TRANSACTION))\n\nfeature_pages/costumer_login_page.py:60: \n_ _ _ _ _ _ _ _ _ _ _ _ _ _ _ _ _ _ _ _ _ _ _ _ _ _ _ _ _ _ _ _ _ _ _ _ _ _ _ _ \n\nself = <selenium.webdriver.support.wait.WebDriverWait (session=\"b99cf9e4d8c77b3461006b18395b16fd\")>\nmethod = <function presence_of_all_elements_located.<locals>._predicate at 0x73204eef2f80>\nmessage = ''\n\n    def until(self, method: Callable[[D], Union[Literal[False], T]], message: str = \"\") -> T:\n        \"\"\"Calls the method provided with the driver as an argument until the \\\n        return value does not evaluate to ``False``.\n    \n        :param method: callable(WebDriver)\n        :param message: optional message for :exc:`TimeoutException`\n        :returns: the result of the last call to `method`\n        :raises: :exc:`selenium.common.exceptions.TimeoutException` if timeout occurs\n        \"\"\"\n        screen = None\n        stacktrace = None\n    \n        end_time = time.monotonic() + self._timeout\n        while True:\n            try:\n                value = method(self._driver)\n                if value:\n                    return value\n            except self._ignored_exceptions as exc:\n                screen = getattr(exc, \"screen\", None)\n                stacktrace = getattr(exc, \"stacktrace\", None)\n            time.sleep(self._poll)\n            if time.monotonic() > end_time:\n                break\n>       raise TimeoutException(message, screen, stacktrace)\nE       selenium.common.exceptions.TimeoutException: Message:\n\n/opt/hostedtoolcache/Python/3.10.13/x64/lib/python3.10/site-packages/selenium/webdriver/support/wait.py:105: TimeoutException\n\nDuring handling of the above exception, another exception occurred:\n\nself = <test.test_costumer_login.TestCostumerLogin object at 0x73204fdb6770>\n\n    @allure.title(\"Bank account transfer for native user\")\n    @allure.severity(\"NORMAL\")\n    @pytest.mark.smoke\n    def test_costumer_login_pege(self):\n        self.costumer_login_page.open()\n        # self.costumer_login_page.is_open_browser()\n        self.costumer_login_page.navigate_to_costumer_login()\n        self.costumer_login_page.replenishment_deposit()\n        self.costumer_login_page.withdrawn_sum()\n>       self.costumer_login_page.transaction_checking()\n\ntest/test_costumer_login.py:18: \n_ _ _ _ _ _ _ _ _ _ _ _ _ _ _ _ _ _ _ _ _ _ _ _ _ _ _ _ _ _ _ _ _ _ _ _ _ _ _ _ \n\nself = <feature_pages.costumer_login_page.CostumerLogin object at 0x73204fdb58a0>\n\n    @allure.step(\"Pay transfer list\")\n    def transaction_checking(self):\n        self.select_element_is_clickable(self.locator.TRANSACTION_BTN).click()\n        self.select_element_is_visibility(self.locator.LOGO_TEXT)\n        try:\n            result = self.wait.until(EC.presence_of_all_elements_located(self.locator.LIST_TRANSACTION))\n    \n    \n            assert str(self.randon_balance) in result[0].text, f\"This result in not the value {self.randon_balance}\\\n            current value {result[0].text}\"\n            assert str(self.random_sum) in result[1].text, f\"This result in not the value {self.random_sum}\\\n            current value {result[1].text}\"\n        except TimeoutException:\n            self.make_screenshoin_in_report(f\"issue: This transactions not available \")\n>           assert False, \"This transactions is not show the list\"\nE           AssertionError: This transactions is not show the list\n\nfeature_pages/costumer_login_page.py:69: AssertionError","flaky":false,"newFailed":false,"newBroken":false,"newPassed":false,"retriesCount":0,"retriesStatusChange":false,"beforeStages":[{"name":"_session_faker","time":{"start":1710752150426,"stop":1710752150441,"duration":15},"status":"passed","steps":[],"attachments":[],"parameters":[],"shouldDisplayMessage":false,"stepsCount":0,"attachmentsCount":0,"hasContent":false,"attachmentStep":false},{"name":"driver","time":{"start":1710752150441,"stop":1710752156414,"duration":5973},"status":"passed","steps":[],"attachments":[],"parameters":[],"shouldDisplayMessage":false,"stepsCount":0,"attachmentsCount":0,"hasContent":false,"attachmentStep":false},{"name":"setup","time":{"start":1710752156415,"stop":1710752156415,"duration":0},"status":"passed","steps":[],"attachments":[],"parameters":[],"shouldDisplayMessage":false,"stepsCount":0,"attachmentsCount":0,"hasContent":false,"attachmentStep":false}],"testStage":{"status":"failed","statusMessage":"AssertionError: This transactions is not show the list","statusTrace":"self = <feature_pages.costumer_login_page.CostumerLogin object at 0x73204fdb58a0>\n\n    @allure.step(\"Pay transfer list\")\n    def transaction_checking(self):\n        self.select_element_is_clickable(self.locator.TRANSACTION_BTN).click()\n        self.select_element_is_visibility(self.locator.LOGO_TEXT)\n        try:\n>           result = self.wait.until(EC.presence_of_all_elements_located(self.locator.LIST_TRANSACTION))\n\nfeature_pages/costumer_login_page.py:60: \n_ _ _ _ _ _ _ _ _ _ _ _ _ _ _ _ _ _ _ _ _ _ _ _ _ _ _ _ _ _ _ _ _ _ _ _ _ _ _ _ \n\nself = <selenium.webdriver.support.wait.WebDriverWait (session=\"b99cf9e4d8c77b3461006b18395b16fd\")>\nmethod = <function presence_of_all_elements_located.<locals>._predicate at 0x73204eef2f80>\nmessage = ''\n\n    def until(self, method: Callable[[D], Union[Literal[False], T]], message: str = \"\") -> T:\n        \"\"\"Calls the method provided with the driver as an argument until the \\\n        return value does not evaluate to ``False``.\n    \n        :param method: callable(WebDriver)\n        :param message: optional message for :exc:`TimeoutException`\n        :returns: the result of the last call to `method`\n        :raises: :exc:`selenium.common.exceptions.TimeoutException` if timeout occurs\n        \"\"\"\n        screen = None\n        stacktrace = None\n    \n        end_time = time.monotonic() + self._timeout\n        while True:\n            try:\n                value = method(self._driver)\n                if value:\n                    return value\n            except self._ignored_exceptions as exc:\n                screen = getattr(exc, \"screen\", None)\n                stacktrace = getattr(exc, \"stacktrace\", None)\n            time.sleep(self._poll)\n            if time.monotonic() > end_time:\n                break\n>       raise TimeoutException(message, screen, stacktrace)\nE       selenium.common.exceptions.TimeoutException: Message:\n\n/opt/hostedtoolcache/Python/3.10.13/x64/lib/python3.10/site-packages/selenium/webdriver/support/wait.py:105: TimeoutException\n\nDuring handling of the above exception, another exception occurred:\n\nself = <test.test_costumer_login.TestCostumerLogin object at 0x73204fdb6770>\n\n    @allure.title(\"Bank account transfer for native user\")\n    @allure.severity(\"NORMAL\")\n    @pytest.mark.smoke\n    def test_costumer_login_pege(self):\n        self.costumer_login_page.open()\n        # self.costumer_login_page.is_open_browser()\n        self.costumer_login_page.navigate_to_costumer_login()\n        self.costumer_login_page.replenishment_deposit()\n        self.costumer_login_page.withdrawn_sum()\n>       self.costumer_login_page.transaction_checking()\n\ntest/test_costumer_login.py:18: \n_ _ _ _ _ _ _ _ _ _ _ _ _ _ _ _ _ _ _ _ _ _ _ _ _ _ _ _ _ _ _ _ _ _ _ _ _ _ _ _ \n\nself = <feature_pages.costumer_login_page.CostumerLogin object at 0x73204fdb58a0>\n\n    @allure.step(\"Pay transfer list\")\n    def transaction_checking(self):\n        self.select_element_is_clickable(self.locator.TRANSACTION_BTN).click()\n        self.select_element_is_visibility(self.locator.LOGO_TEXT)\n        try:\n            result = self.wait.until(EC.presence_of_all_elements_located(self.locator.LIST_TRANSACTION))\n    \n    \n            assert str(self.randon_balance) in result[0].text, f\"This result in not the value {self.randon_balance}\\\n            current value {result[0].text}\"\n            assert str(self.random_sum) in result[1].text, f\"This result in not the value {self.random_sum}\\\n            current value {result[1].text}\"\n        except TimeoutException:\n            self.make_screenshoin_in_report(f\"issue: This transactions not available \")\n>           assert False, \"This transactions is not show the list\"\nE           AssertionError: This transactions is not show the list\n\nfeature_pages/costumer_login_page.py:69: AssertionError","steps":[{"name":"Open  browser and navigate to https://www.globalsqa.com/angularJs-protractor/BankingProject/#/login","time":{"start":1710752156415,"stop":1710752157373,"duration":958},"status":"passed","steps":[],"attachments":[],"parameters":[],"shouldDisplayMessage":false,"stepsCount":0,"attachmentsCount":0,"hasContent":false,"attachmentStep":false},{"name":"Login your account and checking welcome title","time":{"start":1710752157373,"stop":1710752160819,"duration":3446},"status":"passed","steps":[],"attachments":[],"parameters":[],"shouldDisplayMessage":false,"stepsCount":0,"attachmentsCount":0,"hasContent":false,"attachmentStep":false},{"name":"Replenishment deposit and checking balance","time":{"start":1710752160819,"stop":1710752162141,"duration":1322},"status":"passed","steps":[],"attachments":[],"parameters":[],"shouldDisplayMessage":false,"stepsCount":0,"attachmentsCount":0,"hasContent":false,"attachmentStep":false},{"name":"Transfer sum","time":{"start":1710752162141,"stop":1710752163332,"duration":1191},"status":"passed","steps":[],"attachments":[],"parameters":[],"shouldDisplayMessage":false,"stepsCount":0,"attachmentsCount":0,"hasContent":false,"attachmentStep":false},{"name":"Pay transfer list","time":{"start":1710752163332,"stop":1710752173712,"duration":10380},"status":"failed","statusMessage":"AssertionError: This transactions is not show the list\n","statusTrace":"  File \"/opt/hostedtoolcache/Python/3.10.13/x64/lib/python3.10/site-packages/allure_commons/_allure.py\", line 192, in impl\n    return func(*a, **kw)\n  File \"/home/runner/work/example_test_e2e_bank_app/example_test_e2e_bank_app/feature_pages/costumer_login_page.py\", line 69, in transaction_checking\n    assert False, \"This transactions is not show the list\"\n","steps":[],"attachments":[{"uid":"1edf937cea5c118b","name":"issue: This transactions not available ","source":"1edf937cea5c118b.png","type":"image/png","size":36411}],"parameters":[],"shouldDisplayMessage":true,"stepsCount":0,"attachmentsCount":1,"hasContent":true,"attachmentStep":false}],"attachments":[],"parameters":[],"shouldDisplayMessage":true,"stepsCount":5,"attachmentsCount":1,"hasContent":true,"attachmentStep":false},"afterStages":[{"name":"driver::0","time":{"start":1710752174019,"stop":1710752174078,"duration":59},"status":"passed","steps":[],"attachments":[],"parameters":[],"shouldDisplayMessage":false,"stepsCount":0,"attachmentsCount":0,"hasContent":false,"attachmentStep":false}],"labels":[{"name":"feature","value":"Login page"},{"name":"severity","value":"NORMAL"},{"name":"tag","value":"smoke"},{"name":"parentSuite","value":"test"},{"name":"suite","value":"test_costumer_login"},{"name":"subSuite","value":"TestCostumerLogin"},{"name":"host","value":"fv-az801-159"},{"name":"thread","value":"2419-MainThread"},{"name":"framework","value":"pytest"},{"name":"language","value":"cpython3"},{"name":"package","value":"test.test_costumer_login"},{"name":"resultFormat","value":"allure2"}],"parameters":[],"links":[],"hidden":false,"retry":false,"extra":{"severity":"normal","retries":[],"categories":[{"name":"Product defects","matchedStatuses":[],"flaky":false}],"tags":["smoke"]},"source":"f03135b75c62b3e8.json","parameterValues":[]}