{"uid":"718bb1f5ea3df15d","name":"Bank account transfer for native user","fullName":"test.test_costumer_login.TestCostumerLogin#test_costumer_login_pege","historyId":"81073f16d66b974b0c2542bf9ff983f0","time":{"start":1711193487095,"stop":1711193503884,"duration":16789},"status":"failed","statusMessage":"AssertionError: This transactions is not show the list","statusTrace":"self = <feature_pages.costumer_login_page.CostumerLogin object at 0x7f2b595980a0>\n\n    @allure.step(\"Pay transfer list\")\n    def transaction_checking(self):\n        self.select_element_is_clickable(self.locator.TRANSACTION_BTN).click()\n        self.select_element_is_visibility(self.locator.LOGO_TEXT)\n        try:\n>           result = self.wait.until(EC.presence_of_all_elements_located(self.locator.LIST_TRANSACTION))\n\nfeature_pages/costumer_login_page.py:60: \n_ _ _ _ _ _ _ _ _ _ _ _ _ _ _ _ _ _ _ _ _ _ _ _ _ _ _ _ _ _ _ _ _ _ _ _ _ _ _ _ \n\nself = <selenium.webdriver.support.wait.WebDriverWait (session=\"57065aa28d102fc1cf5c103a83960dca\")>\nmethod = <function presence_of_all_elements_located.<locals>._predicate at 0x7f2b58f46f80>\nmessage = ''\n\n    def until(self, method: Callable[[D], Union[Literal[False], T]], message: str = \"\") -> T:\n        \"\"\"Calls the method provided with the driver as an argument until the \\\n        return value does not evaluate to ``False``.\n    \n        :param method: callable(WebDriver)\n        :param message: optional message for :exc:`TimeoutException`\n        :returns: the result of the last call to `method`\n        :raises: :exc:`selenium.common.exceptions.TimeoutException` if timeout occurs\n        \"\"\"\n        screen = None\n        stacktrace = None\n    \n        end_time = time.monotonic() + self._timeout\n        while True:\n            try:\n                value = method(self._driver)\n                if value:\n                    return value\n            except self._ignored_exceptions as exc:\n                screen = getattr(exc, \"screen\", None)\n                stacktrace = getattr(exc, \"stacktrace\", None)\n            time.sleep(self._poll)\n            if time.monotonic() > end_time:\n                break\n>       raise TimeoutException(message, screen, stacktrace)\nE       selenium.common.exceptions.TimeoutException: Message:\n\n/opt/hostedtoolcache/Python/3.10.13/x64/lib/python3.10/site-packages/selenium/webdriver/support/wait.py:105: TimeoutException\n\nDuring handling of the above exception, another exception occurred:\n\nself = <test.test_costumer_login.TestCostumerLogin object at 0x7f2b5959b640>\n\n    @allure.title(\"Bank account transfer for native user\")\n    @allure.severity(\"NORMAL\")\n    @pytest.mark.smoke\n    def test_costumer_login_pege(self):\n        self.costumer_login_page.open()\n        # self.costumer_login_page.is_open_browser()\n        self.costumer_login_page.navigate_to_costumer_login()\n        self.costumer_login_page.replenishment_deposit()\n        self.costumer_login_page.withdrawn_sum()\n>       self.costumer_login_page.transaction_checking()\n\ntest/test_costumer_login.py:18: \n_ _ _ _ _ _ _ _ _ _ _ _ _ _ _ _ _ _ _ _ _ _ _ _ _ _ _ _ _ _ _ _ _ _ _ _ _ _ _ _ \n\nself = <feature_pages.costumer_login_page.CostumerLogin object at 0x7f2b595980a0>\n\n    @allure.step(\"Pay transfer list\")\n    def transaction_checking(self):\n        self.select_element_is_clickable(self.locator.TRANSACTION_BTN).click()\n        self.select_element_is_visibility(self.locator.LOGO_TEXT)\n        try:\n            result = self.wait.until(EC.presence_of_all_elements_located(self.locator.LIST_TRANSACTION))\n    \n    \n            assert str(self.randon_balance) in result[0].text, f\"This result in not the value {self.randon_balance}\\\n            current value {result[0].text}\"\n            assert str(self.random_sum) in result[1].text, f\"This result in not the value {self.random_sum}\\\n            current value {result[1].text}\"\n        except TimeoutException:\n            self.make_screenshoin_in_report(f\"issue: This transactions not available \")\n>           assert False, \"This transactions is not show the list\"\nE           AssertionError: This transactions is not show the list\n\nfeature_pages/costumer_login_page.py:69: AssertionError","flaky":false,"newFailed":false,"newBroken":false,"newPassed":false,"retriesCount":0,"retriesStatusChange":false,"beforeStages":[{"name":"_session_faker","time":{"start":1711193485860,"stop":1711193485876,"duration":16},"status":"passed","steps":[],"attachments":[],"parameters":[],"shouldDisplayMessage":false,"stepsCount":0,"attachmentsCount":0,"hasContent":false,"attachmentStep":false},{"name":"driver","time":{"start":1711193485876,"stop":1711193487094,"duration":1218},"status":"passed","steps":[],"attachments":[],"parameters":[],"shouldDisplayMessage":false,"stepsCount":0,"attachmentsCount":0,"hasContent":false,"attachmentStep":false},{"name":"setup","time":{"start":1711193487095,"stop":1711193487095,"duration":0},"status":"passed","steps":[],"attachments":[],"parameters":[],"shouldDisplayMessage":false,"stepsCount":0,"attachmentsCount":0,"hasContent":false,"attachmentStep":false}],"testStage":{"status":"failed","statusMessage":"AssertionError: This transactions is not show the list","statusTrace":"self = <feature_pages.costumer_login_page.CostumerLogin object at 0x7f2b595980a0>\n\n    @allure.step(\"Pay transfer list\")\n    def transaction_checking(self):\n        self.select_element_is_clickable(self.locator.TRANSACTION_BTN).click()\n        self.select_element_is_visibility(self.locator.LOGO_TEXT)\n        try:\n>           result = self.wait.until(EC.presence_of_all_elements_located(self.locator.LIST_TRANSACTION))\n\nfeature_pages/costumer_login_page.py:60: \n_ _ _ _ _ _ _ _ _ _ _ _ _ _ _ _ _ _ _ _ _ _ _ _ _ _ _ _ _ _ _ _ _ _ _ _ _ _ _ _ \n\nself = <selenium.webdriver.support.wait.WebDriverWait (session=\"57065aa28d102fc1cf5c103a83960dca\")>\nmethod = <function presence_of_all_elements_located.<locals>._predicate at 0x7f2b58f46f80>\nmessage = ''\n\n    def until(self, method: Callable[[D], Union[Literal[False], T]], message: str = \"\") -> T:\n        \"\"\"Calls the method provided with the driver as an argument until the \\\n        return value does not evaluate to ``False``.\n    \n        :param method: callable(WebDriver)\n        :param message: optional message for :exc:`TimeoutException`\n        :returns: the result of the last call to `method`\n        :raises: :exc:`selenium.common.exceptions.TimeoutException` if timeout occurs\n        \"\"\"\n        screen = None\n        stacktrace = None\n    \n        end_time = time.monotonic() + self._timeout\n        while True:\n            try:\n                value = method(self._driver)\n                if value:\n                    return value\n            except self._ignored_exceptions as exc:\n                screen = getattr(exc, \"screen\", None)\n                stacktrace = getattr(exc, \"stacktrace\", None)\n            time.sleep(self._poll)\n            if time.monotonic() > end_time:\n                break\n>       raise TimeoutException(message, screen, stacktrace)\nE       selenium.common.exceptions.TimeoutException: Message:\n\n/opt/hostedtoolcache/Python/3.10.13/x64/lib/python3.10/site-packages/selenium/webdriver/support/wait.py:105: TimeoutException\n\nDuring handling of the above exception, another exception occurred:\n\nself = <test.test_costumer_login.TestCostumerLogin object at 0x7f2b5959b640>\n\n    @allure.title(\"Bank account transfer for native user\")\n    @allure.severity(\"NORMAL\")\n    @pytest.mark.smoke\n    def test_costumer_login_pege(self):\n        self.costumer_login_page.open()\n        # self.costumer_login_page.is_open_browser()\n        self.costumer_login_page.navigate_to_costumer_login()\n        self.costumer_login_page.replenishment_deposit()\n        self.costumer_login_page.withdrawn_sum()\n>       self.costumer_login_page.transaction_checking()\n\ntest/test_costumer_login.py:18: \n_ _ _ _ _ _ _ _ _ _ _ _ _ _ _ _ _ _ _ _ _ _ _ _ _ _ _ _ _ _ _ _ _ _ _ _ _ _ _ _ \n\nself = <feature_pages.costumer_login_page.CostumerLogin object at 0x7f2b595980a0>\n\n    @allure.step(\"Pay transfer list\")\n    def transaction_checking(self):\n        self.select_element_is_clickable(self.locator.TRANSACTION_BTN).click()\n        self.select_element_is_visibility(self.locator.LOGO_TEXT)\n        try:\n            result = self.wait.until(EC.presence_of_all_elements_located(self.locator.LIST_TRANSACTION))\n    \n    \n            assert str(self.randon_balance) in result[0].text, f\"This result in not the value {self.randon_balance}\\\n            current value {result[0].text}\"\n            assert str(self.random_sum) in result[1].text, f\"This result in not the value {self.random_sum}\\\n            current value {result[1].text}\"\n        except TimeoutException:\n            self.make_screenshoin_in_report(f\"issue: This transactions not available \")\n>           assert False, \"This transactions is not show the list\"\nE           AssertionError: This transactions is not show the list\n\nfeature_pages/costumer_login_page.py:69: AssertionError","steps":[{"name":"Open  browser and navigate to https://www.globalsqa.com/angularJs-protractor/BankingProject/#/login","time":{"start":1711193487095,"stop":1711193487818,"duration":723},"status":"passed","steps":[],"attachments":[],"parameters":[],"shouldDisplayMessage":false,"stepsCount":0,"attachmentsCount":0,"hasContent":false,"attachmentStep":false},{"name":"Login your account and checking welcome title","time":{"start":1711193487818,"stop":1711193491084,"duration":3266},"status":"passed","steps":[],"attachments":[],"parameters":[],"shouldDisplayMessage":false,"stepsCount":0,"attachmentsCount":0,"hasContent":false,"attachmentStep":false},{"name":"Replenishment deposit and checking balance","time":{"start":1711193491084,"stop":1711193492306,"duration":1222},"status":"passed","steps":[],"attachments":[],"parameters":[],"shouldDisplayMessage":false,"stepsCount":0,"attachmentsCount":0,"hasContent":false,"attachmentStep":false},{"name":"Transfer sum","time":{"start":1711193492307,"stop":1711193493532,"duration":1225},"status":"passed","steps":[],"attachments":[],"parameters":[],"shouldDisplayMessage":false,"stepsCount":0,"attachmentsCount":0,"hasContent":false,"attachmentStep":false},{"name":"Pay transfer list","time":{"start":1711193493533,"stop":1711193503883,"duration":10350},"status":"failed","statusMessage":"AssertionError: This transactions is not show the list\n","statusTrace":"  File \"/opt/hostedtoolcache/Python/3.10.13/x64/lib/python3.10/site-packages/allure_commons/_allure.py\", line 192, in impl\n    return func(*a, **kw)\n  File \"/home/runner/work/example_test_e2e_bank_app/example_test_e2e_bank_app/feature_pages/costumer_login_page.py\", line 69, in transaction_checking\n    assert False, \"This transactions is not show the list\"\n","steps":[],"attachments":[{"uid":"5fe0053c384e1d47","name":"issue: This transactions not available ","source":"5fe0053c384e1d47.png","type":"image/png","size":36242}],"parameters":[],"shouldDisplayMessage":true,"stepsCount":0,"attachmentsCount":1,"hasContent":true,"attachmentStep":false}],"attachments":[],"parameters":[],"shouldDisplayMessage":true,"stepsCount":5,"attachmentsCount":1,"hasContent":true,"attachmentStep":false},"afterStages":[{"name":"driver::0","time":{"start":1711193515774,"stop":1711193515833,"duration":59},"status":"passed","steps":[],"attachments":[],"parameters":[],"shouldDisplayMessage":false,"stepsCount":0,"attachmentsCount":0,"hasContent":false,"attachmentStep":false}],"labels":[{"name":"severity","value":"NORMAL"},{"name":"feature","value":"Login page"},{"name":"tag","value":"smoke"},{"name":"parentSuite","value":"test"},{"name":"suite","value":"test_costumer_login"},{"name":"subSuite","value":"TestCostumerLogin"},{"name":"host","value":"fv-az1024-601"},{"name":"thread","value":"2305-MainThread"},{"name":"framework","value":"pytest"},{"name":"language","value":"cpython3"},{"name":"package","value":"test.test_costumer_login"},{"name":"resultFormat","value":"allure2"}],"parameters":[],"links":[],"hidden":false,"retry":false,"extra":{"severity":"normal","retries":[],"categories":[{"name":"Product defects","matchedStatuses":[],"flaky":false}],"tags":["smoke"]},"source":"718bb1f5ea3df15d.json","parameterValues":[]}