{"uid":"ac46cd160f6c14a2","name":"Bank account transfer for random user","fullName":"test.test_costumer_login.TestCostumerLogin#test_costumer_login_pege_random_user","historyId":"e894cae51b24ed70bb5c39bccfcf6e08","time":{"start":1692705249212,"stop":1692705261775,"duration":12563},"status":"failed","statusMessage":"AssertionError: This transactions is not show the list","statusTrace":"self = <feature_pages.costumer_login_page.CostumerLogin object at 0x7f5e407c3d90>\n\n    @allure.step(\"Pay transfer list\")\n    def transaction_checking(self):\n        self.select_element_is_clickable(self.locator.TRANSACTION_BTN).click()\n        self.select_element_is_visibility(self.locator.LOGO_TEXT)\n        try:\n>           result = self.wait.until(EC.presence_of_all_elements_located(self.locator.LIST_TRANSACTION))\n\nfeature_pages/costumer_login_page.py:60: \n_ _ _ _ _ _ _ _ _ _ _ _ _ _ _ _ _ _ _ _ _ _ _ _ _ _ _ _ _ _ _ _ _ _ _ _ _ _ _ _ \n\nself = <selenium.webdriver.support.wait.WebDriverWait (session=\"08545a46166d963681c956b5ebe07b64\")>\nmethod = <function presence_of_all_elements_located.<locals>._predicate at 0x7f5e407e6b00>\nmessage = ''\n\n    def until(self, method, message: str = \"\"):\n        \"\"\"Calls the method provided with the driver as an argument until the \\\n        return value does not evaluate to ``False``.\n    \n        :param method: callable(WebDriver)\n        :param message: optional message for :exc:`TimeoutException`\n        :returns: the result of the last call to `method`\n        :raises: :exc:`selenium.common.exceptions.TimeoutException` if timeout occurs\n        \"\"\"\n        screen = None\n        stacktrace = None\n    \n        end_time = time.monotonic() + self._timeout\n        while True:\n            try:\n                value = method(self._driver)\n                if value:\n                    return value\n            except self._ignored_exceptions as exc:\n                screen = getattr(exc, \"screen\", None)\n                stacktrace = getattr(exc, \"stacktrace\", None)\n            time.sleep(self._poll)\n            if time.monotonic() > end_time:\n                break\n>       raise TimeoutException(message, screen, stacktrace)\nE       selenium.common.exceptions.TimeoutException: Message:\n\n/opt/hostedtoolcache/Python/3.10.12/x64/lib/python3.10/site-packages/selenium/webdriver/support/wait.py:95: TimeoutException\n\nDuring handling of the above exception, another exception occurred:\n\nself = <test.test_costumer_login.TestCostumerLogin object at 0x7f5e40842440>\n\n    @allure.title(\"Bank account transfer for random user\")\n    @allure.severity(\"NORMAL\")\n    @pytest.mark.smoke\n    def test_costumer_login_pege_random_user(self):\n        self.costumer_login_page.open()\n        self.costumer_login_page.is_open_browser()\n        self.costumer_login_page.navigate_to_costumer_login_in_select_randon_user()\n        self.costumer_login_page.replenishment_deposit()\n        self.costumer_login_page.withdrawn_sum()\n>       self.costumer_login_page.transaction_checking()\n\ntest/test_costumer_login.py:30: \n_ _ _ _ _ _ _ _ _ _ _ _ _ _ _ _ _ _ _ _ _ _ _ _ _ _ _ _ _ _ _ _ _ _ _ _ _ _ _ _ \n\nself = <feature_pages.costumer_login_page.CostumerLogin object at 0x7f5e407c3d90>\n\n    @allure.step(\"Pay transfer list\")\n    def transaction_checking(self):\n        self.select_element_is_clickable(self.locator.TRANSACTION_BTN).click()\n        self.select_element_is_visibility(self.locator.LOGO_TEXT)\n        try:\n            result = self.wait.until(EC.presence_of_all_elements_located(self.locator.LIST_TRANSACTION))\n    \n    \n            assert str(self.randon_balance) in result[0].text, f\"This result in not the value {self.randon_balance}\\\n            current value {result[0].text}\"\n            assert str(self.random_sum) in result[1].text, f\"This result in not the value {self.random_sum}\\\n            current value {result[1].text}\"\n        except TimeoutException:\n            self.make_screenshoin_in_report(f\"issue: This transactions not available \")\n>           assert False, \"This transactions is not show the list\"\nE           AssertionError: This transactions is not show the list\n\nfeature_pages/costumer_login_page.py:69: AssertionError","flaky":false,"newFailed":false,"newBroken":false,"newPassed":false,"retriesCount":0,"retriesStatusChange":false,"beforeStages":[{"name":"_session_faker","time":{"start":1692705242187,"stop":1692705242210,"duration":23},"status":"passed","steps":[],"attachments":[],"parameters":[],"stepsCount":0,"attachmentsCount":0,"shouldDisplayMessage":false,"hasContent":false},{"name":"driver","time":{"start":1692705242211,"stop":1692705243847,"duration":1636},"status":"passed","steps":[],"attachments":[],"parameters":[],"stepsCount":0,"attachmentsCount":0,"shouldDisplayMessage":false,"hasContent":false},{"name":"setup","time":{"start":1692705249212,"stop":1692705249212,"duration":0},"status":"passed","steps":[],"attachments":[],"parameters":[],"stepsCount":0,"attachmentsCount":0,"shouldDisplayMessage":false,"hasContent":false}],"testStage":{"status":"failed","statusMessage":"AssertionError: This transactions is not show the list","statusTrace":"self = <feature_pages.costumer_login_page.CostumerLogin object at 0x7f5e407c3d90>\n\n    @allure.step(\"Pay transfer list\")\n    def transaction_checking(self):\n        self.select_element_is_clickable(self.locator.TRANSACTION_BTN).click()\n        self.select_element_is_visibility(self.locator.LOGO_TEXT)\n        try:\n>           result = self.wait.until(EC.presence_of_all_elements_located(self.locator.LIST_TRANSACTION))\n\nfeature_pages/costumer_login_page.py:60: \n_ _ _ _ _ _ _ _ _ _ _ _ _ _ _ _ _ _ _ _ _ _ _ _ _ _ _ _ _ _ _ _ _ _ _ _ _ _ _ _ \n\nself = <selenium.webdriver.support.wait.WebDriverWait (session=\"08545a46166d963681c956b5ebe07b64\")>\nmethod = <function presence_of_all_elements_located.<locals>._predicate at 0x7f5e407e6b00>\nmessage = ''\n\n    def until(self, method, message: str = \"\"):\n        \"\"\"Calls the method provided with the driver as an argument until the \\\n        return value does not evaluate to ``False``.\n    \n        :param method: callable(WebDriver)\n        :param message: optional message for :exc:`TimeoutException`\n        :returns: the result of the last call to `method`\n        :raises: :exc:`selenium.common.exceptions.TimeoutException` if timeout occurs\n        \"\"\"\n        screen = None\n        stacktrace = None\n    \n        end_time = time.monotonic() + self._timeout\n        while True:\n            try:\n                value = method(self._driver)\n                if value:\n                    return value\n            except self._ignored_exceptions as exc:\n                screen = getattr(exc, \"screen\", None)\n                stacktrace = getattr(exc, \"stacktrace\", None)\n            time.sleep(self._poll)\n            if time.monotonic() > end_time:\n                break\n>       raise TimeoutException(message, screen, stacktrace)\nE       selenium.common.exceptions.TimeoutException: Message:\n\n/opt/hostedtoolcache/Python/3.10.12/x64/lib/python3.10/site-packages/selenium/webdriver/support/wait.py:95: TimeoutException\n\nDuring handling of the above exception, another exception occurred:\n\nself = <test.test_costumer_login.TestCostumerLogin object at 0x7f5e40842440>\n\n    @allure.title(\"Bank account transfer for random user\")\n    @allure.severity(\"NORMAL\")\n    @pytest.mark.smoke\n    def test_costumer_login_pege_random_user(self):\n        self.costumer_login_page.open()\n        self.costumer_login_page.is_open_browser()\n        self.costumer_login_page.navigate_to_costumer_login_in_select_randon_user()\n        self.costumer_login_page.replenishment_deposit()\n        self.costumer_login_page.withdrawn_sum()\n>       self.costumer_login_page.transaction_checking()\n\ntest/test_costumer_login.py:30: \n_ _ _ _ _ _ _ _ _ _ _ _ _ _ _ _ _ _ _ _ _ _ _ _ _ _ _ _ _ _ _ _ _ _ _ _ _ _ _ _ \n\nself = <feature_pages.costumer_login_page.CostumerLogin object at 0x7f5e407c3d90>\n\n    @allure.step(\"Pay transfer list\")\n    def transaction_checking(self):\n        self.select_element_is_clickable(self.locator.TRANSACTION_BTN).click()\n        self.select_element_is_visibility(self.locator.LOGO_TEXT)\n        try:\n            result = self.wait.until(EC.presence_of_all_elements_located(self.locator.LIST_TRANSACTION))\n    \n    \n            assert str(self.randon_balance) in result[0].text, f\"This result in not the value {self.randon_balance}\\\n            current value {result[0].text}\"\n            assert str(self.random_sum) in result[1].text, f\"This result in not the value {self.random_sum}\\\n            current value {result[1].text}\"\n        except TimeoutException:\n            self.make_screenshoin_in_report(f\"issue: This transactions not available \")\n>           assert False, \"This transactions is not show the list\"\nE           AssertionError: This transactions is not show the list\n\nfeature_pages/costumer_login_page.py:69: AssertionError","steps":[{"name":"Open  browser and navigate to https://www.globalsqa.com/angularJs-protractor/BankingProject/#/login","time":{"start":1692705249212,"stop":1692705249227,"duration":15},"status":"passed","steps":[],"attachments":[],"parameters":[],"stepsCount":0,"attachmentsCount":0,"shouldDisplayMessage":false,"hasContent":false},{"name":"Login your account for randon user","time":{"start":1692705249232,"stop":1692705249489,"duration":257},"status":"passed","steps":[],"attachments":[],"parameters":[],"stepsCount":0,"attachmentsCount":0,"shouldDisplayMessage":false,"hasContent":false},{"name":"Replenishment deposit and checking balance","time":{"start":1692705249489,"stop":1692705249777,"duration":288},"status":"passed","steps":[],"attachments":[],"parameters":[],"stepsCount":0,"attachmentsCount":0,"shouldDisplayMessage":false,"hasContent":false},{"name":"Transfer sum","time":{"start":1692705249777,"stop":1692705251144,"duration":1367},"status":"passed","steps":[],"attachments":[],"parameters":[],"stepsCount":0,"attachmentsCount":0,"shouldDisplayMessage":false,"hasContent":false},{"name":"Pay transfer list","time":{"start":1692705251144,"stop":1692705261774,"duration":10630},"status":"failed","statusMessage":"AssertionError: This transactions is not show the list\n","statusTrace":"  File \"/opt/hostedtoolcache/Python/3.10.12/x64/lib/python3.10/site-packages/allure_commons/_allure.py\", line 192, in impl\n    return func(*a, **kw)\n  File \"/home/runner/work/example_test_e2e_bank_app/example_test_e2e_bank_app/feature_pages/costumer_login_page.py\", line 69, in transaction_checking\n    assert False, \"This transactions is not show the list\"\n","steps":[],"attachments":[{"uid":"4908d7d6de18a5aa","name":"issue: This transactions not available ","source":"4908d7d6de18a5aa.png","type":"image/png","size":36145}],"parameters":[],"stepsCount":0,"attachmentsCount":1,"shouldDisplayMessage":true,"hasContent":true}],"attachments":[],"parameters":[],"stepsCount":5,"attachmentsCount":1,"shouldDisplayMessage":true,"hasContent":true},"afterStages":[{"name":"driver::0","time":{"start":1692705261786,"stop":1692705261843,"duration":57},"status":"passed","steps":[],"attachments":[],"parameters":[],"stepsCount":0,"attachmentsCount":0,"shouldDisplayMessage":false,"hasContent":false}],"labels":[{"name":"severity","value":"NORMAL"},{"name":"feature","value":"Login page"},{"name":"tag","value":"smoke"},{"name":"parentSuite","value":"test"},{"name":"suite","value":"test_costumer_login"},{"name":"subSuite","value":"TestCostumerLogin"},{"name":"host","value":"fv-az1232-886"},{"name":"thread","value":"2198-MainThread"},{"name":"framework","value":"pytest"},{"name":"language","value":"cpython3"},{"name":"package","value":"test.test_costumer_login"},{"name":"resultFormat","value":"allure2"}],"parameters":[],"links":[],"hidden":false,"retry":false,"extra":{"severity":"normal","retries":[],"categories":[{"name":"Product defects","matchedStatuses":[],"flaky":false}],"tags":["smoke"]},"source":"ac46cd160f6c14a2.json","parameterValues":[]}