{"uid":"d51afe337195fbaa","name":"Bank account transfer for native user","fullName":"test.test_costumer_login.TestCostumerLogin#test_costumer_login_pege","historyId":"81073f16d66b974b0c2542bf9ff983f0","time":{"start":1692353988020,"stop":1692353988020,"duration":0},"status":"broken","statusMessage":"selenium.common.exceptions.WebDriverException: Message: unknown error: Chrome failed to start: exited abnormally.\n  (unknown error: DevToolsActivePort file doesn't exist)\n  (The process started from chrome location /root/.cache/selenium/chrome/linux64/116.0.5845.96/chrome is no longer running, so ChromeDriver is assuming that Chrome has crashed.)","statusTrace":"request = <SubRequest 'driver' for <Function test_costumer_login_pege>>\n\n    @pytest.fixture(scope='class', autouse=True)\n    def driver(request):\n        options = Options()\n        options.add_argument(\"--no-sandbox\")\n        options.add_argument(\"--window-size=2560,1600\")\n        options.add_argument(\"--headless\")\n        options.add_argument(\"--disable-gpu\")\n        options.add_argument(\"--disable-dev-shm-usage \")\n        options.add_argument(\"--disable-setuid-sandbox\")\n        options.add_argument('--disable-extensions')\n    \n    \n    \n>       driver = webdriver.Chrome(options=options)\n\nconftest.py:21: \n_ _ _ _ _ _ _ _ _ _ _ _ _ _ _ _ _ _ _ _ _ _ _ _ _ _ _ _ _ _ _ _ _ _ _ _ _ _ _ _ \n/usr/local/lib/python3.12/site-packages/selenium/webdriver/chrome/webdriver.py:45: in __init__\n    super().__init__(\n/usr/local/lib/python3.12/site-packages/selenium/webdriver/chromium/webdriver.py:56: in __init__\n    super().__init__(\n/usr/local/lib/python3.12/site-packages/selenium/webdriver/remote/webdriver.py:206: in __init__\n    self.start_session(capabilities)\n/usr/local/lib/python3.12/site-packages/selenium/webdriver/remote/webdriver.py:290: in start_session\n    response = self.execute(Command.NEW_SESSION, caps)[\"value\"]\n/usr/local/lib/python3.12/site-packages/selenium/webdriver/remote/webdriver.py:345: in execute\n    self.error_handler.check_response(response)\n_ _ _ _ _ _ _ _ _ _ _ _ _ _ _ _ _ _ _ _ _ _ _ _ _ _ _ _ _ _ _ _ _ _ _ _ _ _ _ _ \n\nself = <selenium.webdriver.remote.errorhandler.ErrorHandler object at 0xffff7fa5c1a0>\nresponse = {'status': 500, 'value': '{\"value\":{\"error\":\"unknown error\",\"message\":\"unknown error: Chrome failed to start: exited a...4/116.0.5845.96/chrome is no longer running, so ChromeDriver is assuming that Chrome has crashed.)\",\"stacktrace\":\"\"}}'}\n\n    def check_response(self, response: Dict[str, Any]) -> None:\n        \"\"\"Checks that a JSON response from the WebDriver does not have an\n        error.\n    \n        :Args:\n         - response - The JSON response from the WebDriver server as a dictionary\n           object.\n    \n        :Raises: If the response contains an error message.\n        \"\"\"\n        status = response.get(\"status\", None)\n        if not status or status == ErrorCode.SUCCESS:\n            return\n        value = None\n        message = response.get(\"message\", \"\")\n        screen: str = response.get(\"screen\", \"\")\n        stacktrace = None\n        if isinstance(status, int):\n            value_json = response.get(\"value\", None)\n            if value_json and isinstance(value_json, str):\n                import json\n    \n                try:\n                    value = json.loads(value_json)\n                    if len(value) == 1:\n                        value = value[\"value\"]\n                    status = value.get(\"error\", None)\n                    if not status:\n                        status = value.get(\"status\", ErrorCode.UNKNOWN_ERROR)\n                        message = value.get(\"value\") or value.get(\"message\")\n                        if not isinstance(message, str):\n                            value = message\n                            message = message.get(\"message\")\n                    else:\n                        message = value.get(\"message\", None)\n                except ValueError:\n                    pass\n    \n        exception_class: Type[WebDriverException]\n        e = ErrorCode()\n        error_codes = [item for item in dir(e) if not item.startswith(\"__\")]\n        for error_code in error_codes:\n            error_info = getattr(ErrorCode, error_code)\n            if isinstance(error_info, list) and status in error_info:\n                exception_class = getattr(ExceptionMapping, error_code, WebDriverException)\n                break\n        else:\n            exception_class = WebDriverException\n    \n        if not value:\n            value = response[\"value\"]\n        if isinstance(value, str):\n            raise exception_class(value)\n        if message == \"\" and \"message\" in value:\n            message = value[\"message\"]\n    \n        screen = None  # type: ignore[assignment]\n        if \"screen\" in value:\n            screen = value[\"screen\"]\n    \n        stacktrace = None\n        st_value = value.get(\"stackTrace\") or value.get(\"stacktrace\")\n        if st_value:\n            if isinstance(st_value, str):\n                stacktrace = st_value.split(\"\\n\")\n            else:\n                stacktrace = []\n                try:\n                    for frame in st_value:\n                        line = frame.get(\"lineNumber\", \"\")\n                        file = frame.get(\"fileName\", \"<anonymous>\")\n                        if line:\n                            file = f\"{file}:{line}\"\n                        meth = frame.get(\"methodName\", \"<anonymous>\")\n                        if \"className\" in frame:\n                            meth = f\"{frame['className']}.{meth}\"\n                        msg = \"    at %s (%s)\"\n                        msg = msg % (meth, file)\n                        stacktrace.append(msg)\n                except TypeError:\n                    pass\n        if exception_class == UnexpectedAlertPresentException:\n            alert_text = None\n            if \"data\" in value:\n                alert_text = value[\"data\"].get(\"text\")\n            elif \"alert\" in value:\n                alert_text = value[\"alert\"].get(\"text\")\n            raise exception_class(message, screen, stacktrace, alert_text)  # type: ignore[call-arg]  # mypy is not smart enough here\n>       raise exception_class(message, screen, stacktrace)\nE       selenium.common.exceptions.WebDriverException: Message: unknown error: Chrome failed to start: exited abnormally.\nE         (unknown error: DevToolsActivePort file doesn't exist)\nE         (The process started from chrome location /root/.cache/selenium/chrome/linux64/116.0.5845.96/chrome is no longer running, so ChromeDriver is assuming that Chrome has crashed.)\n\n/usr/local/lib/python3.12/site-packages/selenium/webdriver/remote/errorhandler.py:229: WebDriverException","flaky":false,"newFailed":false,"newBroken":false,"newPassed":false,"retriesCount":26,"retriesStatusChange":true,"beforeStages":[{"name":"_session_faker","time":{"start":1692353988021,"stop":1692353988030,"duration":9},"status":"passed","steps":[],"attachments":[],"parameters":[],"stepsCount":0,"attachmentsCount":0,"shouldDisplayMessage":false,"hasContent":false},{"name":"driver","time":{"start":1692353988030,"stop":1692354065578,"duration":77548},"status":"broken","statusMessage":"selenium.common.exceptions.WebDriverException: Message: unknown error: Chrome failed to start: exited abnormally.\n  (unknown error: DevToolsActivePort file doesn't exist)\n  (The process started from chrome location /root/.cache/selenium/chrome/linux64/116.0.5845.96/chrome is no longer running, so ChromeDriver is assuming that Chrome has crashed.)\n\n","statusTrace":"  File \"/usr/local/lib/python3.12/site-packages/pluggy/_callers.py\", line 80, in _multicall\n    res = hook_impl.function(*args)\n          ^^^^^^^^^^^^^^^^^^^^^^^^^\n  File \"/usr/local/lib/python3.12/site-packages/_pytest/fixtures.py\", line 1123, in pytest_fixture_setup\n    result = call_fixture_func(fixturefunc, request, kwargs)\n             ^^^^^^^^^^^^^^^^^^^^^^^^^^^^^^^^^^^^^^^^^^^^^^^\n  File \"/usr/local/lib/python3.12/site-packages/_pytest/fixtures.py\", line 895, in call_fixture_func\n    fixture_result = next(generator)\n                     ^^^^^^^^^^^^^^^\n  File \"/app/conftest.py\", line 21, in driver\n    driver = webdriver.Chrome(options=options)\n             ^^^^^^^^^^^^^^^^^^^^^^^^^^^^^^^^^\n  File \"/usr/local/lib/python3.12/site-packages/selenium/webdriver/chrome/webdriver.py\", line 45, in __init__\n    super().__init__(\n  File \"/usr/local/lib/python3.12/site-packages/selenium/webdriver/chromium/webdriver.py\", line 56, in __init__\n    super().__init__(\n  File \"/usr/local/lib/python3.12/site-packages/selenium/webdriver/remote/webdriver.py\", line 206, in __init__\n    self.start_session(capabilities)\n  File \"/usr/local/lib/python3.12/site-packages/selenium/webdriver/remote/webdriver.py\", line 290, in start_session\n    response = self.execute(Command.NEW_SESSION, caps)[\"value\"]\n               ^^^^^^^^^^^^^^^^^^^^^^^^^^^^^^^^^^^^^^^\n  File \"/usr/local/lib/python3.12/site-packages/selenium/webdriver/remote/webdriver.py\", line 345, in execute\n    self.error_handler.check_response(response)\n  File \"/usr/local/lib/python3.12/site-packages/selenium/webdriver/remote/errorhandler.py\", line 229, in check_response\n    raise exception_class(message, screen, stacktrace)\n","steps":[],"attachments":[],"parameters":[],"stepsCount":0,"attachmentsCount":0,"shouldDisplayMessage":true,"hasContent":true}],"testStage":{"status":"broken","statusMessage":"selenium.common.exceptions.WebDriverException: Message: unknown error: Chrome failed to start: exited abnormally.\n  (unknown error: DevToolsActivePort file doesn't exist)\n  (The process started from chrome location /root/.cache/selenium/chrome/linux64/116.0.5845.96/chrome is no longer running, so ChromeDriver is assuming that Chrome has crashed.)","statusTrace":"request = <SubRequest 'driver' for <Function test_costumer_login_pege>>\n\n    @pytest.fixture(scope='class', autouse=True)\n    def driver(request):\n        options = Options()\n        options.add_argument(\"--no-sandbox\")\n        options.add_argument(\"--window-size=2560,1600\")\n        options.add_argument(\"--headless\")\n        options.add_argument(\"--disable-gpu\")\n        options.add_argument(\"--disable-dev-shm-usage \")\n        options.add_argument(\"--disable-setuid-sandbox\")\n        options.add_argument('--disable-extensions')\n    \n    \n    \n>       driver = webdriver.Chrome(options=options)\n\nconftest.py:21: \n_ _ _ _ _ _ _ _ _ _ _ _ _ _ _ _ _ _ _ _ _ _ _ _ _ _ _ _ _ _ _ _ _ _ _ _ _ _ _ _ \n/usr/local/lib/python3.12/site-packages/selenium/webdriver/chrome/webdriver.py:45: in __init__\n    super().__init__(\n/usr/local/lib/python3.12/site-packages/selenium/webdriver/chromium/webdriver.py:56: in __init__\n    super().__init__(\n/usr/local/lib/python3.12/site-packages/selenium/webdriver/remote/webdriver.py:206: in __init__\n    self.start_session(capabilities)\n/usr/local/lib/python3.12/site-packages/selenium/webdriver/remote/webdriver.py:290: in start_session\n    response = self.execute(Command.NEW_SESSION, caps)[\"value\"]\n/usr/local/lib/python3.12/site-packages/selenium/webdriver/remote/webdriver.py:345: in execute\n    self.error_handler.check_response(response)\n_ _ _ _ _ _ _ _ _ _ _ _ _ _ _ _ _ _ _ _ _ _ _ _ _ _ _ _ _ _ _ _ _ _ _ _ _ _ _ _ \n\nself = <selenium.webdriver.remote.errorhandler.ErrorHandler object at 0xffff7fa5c1a0>\nresponse = {'status': 500, 'value': '{\"value\":{\"error\":\"unknown error\",\"message\":\"unknown error: Chrome failed to start: exited a...4/116.0.5845.96/chrome is no longer running, so ChromeDriver is assuming that Chrome has crashed.)\",\"stacktrace\":\"\"}}'}\n\n    def check_response(self, response: Dict[str, Any]) -> None:\n        \"\"\"Checks that a JSON response from the WebDriver does not have an\n        error.\n    \n        :Args:\n         - response - The JSON response from the WebDriver server as a dictionary\n           object.\n    \n        :Raises: If the response contains an error message.\n        \"\"\"\n        status = response.get(\"status\", None)\n        if not status or status == ErrorCode.SUCCESS:\n            return\n        value = None\n        message = response.get(\"message\", \"\")\n        screen: str = response.get(\"screen\", \"\")\n        stacktrace = None\n        if isinstance(status, int):\n            value_json = response.get(\"value\", None)\n            if value_json and isinstance(value_json, str):\n                import json\n    \n                try:\n                    value = json.loads(value_json)\n                    if len(value) == 1:\n                        value = value[\"value\"]\n                    status = value.get(\"error\", None)\n                    if not status:\n                        status = value.get(\"status\", ErrorCode.UNKNOWN_ERROR)\n                        message = value.get(\"value\") or value.get(\"message\")\n                        if not isinstance(message, str):\n                            value = message\n                            message = message.get(\"message\")\n                    else:\n                        message = value.get(\"message\", None)\n                except ValueError:\n                    pass\n    \n        exception_class: Type[WebDriverException]\n        e = ErrorCode()\n        error_codes = [item for item in dir(e) if not item.startswith(\"__\")]\n        for error_code in error_codes:\n            error_info = getattr(ErrorCode, error_code)\n            if isinstance(error_info, list) and status in error_info:\n                exception_class = getattr(ExceptionMapping, error_code, WebDriverException)\n                break\n        else:\n            exception_class = WebDriverException\n    \n        if not value:\n            value = response[\"value\"]\n        if isinstance(value, str):\n            raise exception_class(value)\n        if message == \"\" and \"message\" in value:\n            message = value[\"message\"]\n    \n        screen = None  # type: ignore[assignment]\n        if \"screen\" in value:\n            screen = value[\"screen\"]\n    \n        stacktrace = None\n        st_value = value.get(\"stackTrace\") or value.get(\"stacktrace\")\n        if st_value:\n            if isinstance(st_value, str):\n                stacktrace = st_value.split(\"\\n\")\n            else:\n                stacktrace = []\n                try:\n                    for frame in st_value:\n                        line = frame.get(\"lineNumber\", \"\")\n                        file = frame.get(\"fileName\", \"<anonymous>\")\n                        if line:\n                            file = f\"{file}:{line}\"\n                        meth = frame.get(\"methodName\", \"<anonymous>\")\n                        if \"className\" in frame:\n                            meth = f\"{frame['className']}.{meth}\"\n                        msg = \"    at %s (%s)\"\n                        msg = msg % (meth, file)\n                        stacktrace.append(msg)\n                except TypeError:\n                    pass\n        if exception_class == UnexpectedAlertPresentException:\n            alert_text = None\n            if \"data\" in value:\n                alert_text = value[\"data\"].get(\"text\")\n            elif \"alert\" in value:\n                alert_text = value[\"alert\"].get(\"text\")\n            raise exception_class(message, screen, stacktrace, alert_text)  # type: ignore[call-arg]  # mypy is not smart enough here\n>       raise exception_class(message, screen, stacktrace)\nE       selenium.common.exceptions.WebDriverException: Message: unknown error: Chrome failed to start: exited abnormally.\nE         (unknown error: DevToolsActivePort file doesn't exist)\nE         (The process started from chrome location /root/.cache/selenium/chrome/linux64/116.0.5845.96/chrome is no longer running, so ChromeDriver is assuming that Chrome has crashed.)\n\n/usr/local/lib/python3.12/site-packages/selenium/webdriver/remote/errorhandler.py:229: WebDriverException","steps":[],"attachments":[{"uid":"e25a33a1996ffaaf","name":"log","source":"e25a33a1996ffaaf.txt","type":"text/plain","size":360}],"parameters":[],"stepsCount":0,"attachmentsCount":1,"shouldDisplayMessage":true,"hasContent":true},"afterStages":[],"labels":[{"name":"feature","value":"Login page"},{"name":"severity","value":"NORMAL"},{"name":"tag","value":"smoke"},{"name":"parentSuite","value":"test"},{"name":"suite","value":"test_costumer_login"},{"name":"subSuite","value":"TestCostumerLogin"},{"name":"host","value":"983c3ae1d851"},{"name":"thread","value":"1-MainThread"},{"name":"framework","value":"pytest"},{"name":"language","value":"cpython3"},{"name":"package","value":"test.test_costumer_login"},{"name":"resultFormat","value":"allure2"}],"parameters":[],"links":[],"hidden":false,"retry":false,"extra":{"severity":"normal","retries":[{"uid":"7f667df1dff7ec59","status":"broken","statusDetails":"selenium.common.exceptions.WebDriverException: Message: unknown error: Chrome failed to start: exited abnormally.\n  (unknown error: DevToolsActivePort file doesn't exist)\n  (The process started from chrome location /root/.cache/selenium/chrome/linux64/116.0.5845.96/chrome is no longer running, so ChromeDriver is assuming that Chrome has crashed.)","time":{"start":1692280407184,"stop":1692280407184,"duration":0}},{"uid":"ba8fd9eb61ed0819","status":"broken","statusDetails":"selenium.common.exceptions.WebDriverException: Message: unknown error: Chrome failed to start: exited abnormally.\n  (unknown error: DevToolsActivePort file doesn't exist)\n  (The process started from chrome location /root/.cache/selenium/chrome/linux64/116.0.5845.96/chrome is no longer running, so ChromeDriver is assuming that Chrome has crashed.)","time":{"start":1692206508054,"stop":1692206508054,"duration":0}},{"uid":"a4bb268607408cb9","status":"broken","statusDetails":"selenium.common.exceptions.WebDriverException: Message: unknown error: Chrome failed to start: exited abnormally.\n  (chrome not reachable)\n  (The process started from chrome location /root/.cache/selenium/chrome/linux64/116.0.5845.96/chrome is no longer running, so ChromeDriver is assuming that Chrome has crashed.)","time":{"start":1692200833680,"stop":1692200833680,"duration":0}},{"uid":"2a3ae31d2251e2a0","status":"broken","statusDetails":"selenium.common.exceptions.WebDriverException: Message: unknown error: Chrome failed to start: exited abnormally.\n  (unknown error: DevToolsActivePort file doesn't exist)\n  (The process started from chrome location /root/.cache/selenium/chrome/linux64/116.0.5845.96/chrome is no longer running, so ChromeDriver is assuming that Chrome has crashed.)","time":{"start":1692200566177,"stop":1692200566177,"duration":0}},{"uid":"bf506812fcc50fd","status":"passed","time":{"start":1692186325103,"stop":1692186343783,"duration":18680}},{"uid":"595e230c1afc6c3d","status":"broken","statusDetails":"selenium.common.exceptions.WebDriverException: Message: unknown error: Chrome failed to start: exited abnormally.\n  (unknown error: DevToolsActivePort file doesn't exist)\n  (The process started from chrome location /root/.cache/selenium/chrome/linux64/115.0.5790.170/chrome is no longer running, so ChromeDriver is assuming that Chrome has crashed.)","time":{"start":1692109646516,"stop":1692109646516,"duration":0}},{"uid":"9f5a13f371157ffb","status":"broken","statusDetails":"selenium.common.exceptions.WebDriverException: Message: unknown error: Chrome failed to start: exited abnormally.\n  (unknown error: DevToolsActivePort file doesn't exist)\n  (The process started from chrome location /root/.cache/selenium/chrome/linux64/115.0.5790.170/chrome is no longer running, so ChromeDriver is assuming that Chrome has crashed.)","time":{"start":1692096103867,"stop":1692096103867,"duration":0}},{"uid":"2947e88584a35178","status":"broken","statusDetails":"selenium.common.exceptions.WebDriverException: Message: unknown error: Chrome failed to start: exited abnormally.\n  (unknown error: DevToolsActivePort file doesn't exist)\n  (The process started from chrome location /root/.cache/selenium/chrome/linux64/115.0.5790.170/chrome is no longer running, so ChromeDriver is assuming that Chrome has crashed.)","time":{"start":1692096073918,"stop":1692096073918,"duration":0}},{"uid":"40a768909ed3a891","status":"broken","statusDetails":"selenium.common.exceptions.WebDriverException: Message: unknown error: Chrome failed to start: exited abnormally.\n  (unknown error: DevToolsActivePort file doesn't exist)\n  (The process started from chrome location /root/.cache/selenium/chrome/linux64/115.0.5790.170/chrome is no longer running, so ChromeDriver is assuming that Chrome has crashed.)","time":{"start":1692085514275,"stop":1692085514275,"duration":0}},{"uid":"a418d39ad21c86d8","status":"failed","statusDetails":"AssertionError: This transactions is not show the list","time":{"start":1692085199020,"stop":1692085217155,"duration":18135}},{"uid":"80df3178c400e046","status":"broken","statusDetails":"selenium.common.exceptions.WebDriverException: Message: unknown error: Chrome failed to start: exited abnormally.\n  (unknown error: DevToolsActivePort file doesn't exist)\n  (The process started from chrome location /root/.cache/selenium/chrome/linux64/115.0.5790.170/chrome is no longer running, so ChromeDriver is assuming that Chrome has crashed.)","time":{"start":1692082539649,"stop":1692082539649,"duration":0}},{"uid":"bae44fffcda813d6","status":"broken","statusDetails":"selenium.common.exceptions.WebDriverException: Message: unknown error: Chrome failed to start: exited abnormally.\n  (unknown error: DevToolsActivePort file doesn't exist)\n  (The process started from chrome location /root/.cache/selenium/chrome/linux64/115.0.5790.170/chrome is no longer running, so ChromeDriver is assuming that Chrome has crashed.)","time":{"start":1692081460198,"stop":1692081460198,"duration":0}},{"uid":"38d7c4a042724fae","status":"broken","statusDetails":"selenium.common.exceptions.WebDriverException: Message: unknown error: Chrome failed to start: exited abnormally.\n  (unknown error: DevToolsActivePort file doesn't exist)\n  (The process started from chrome location /root/.cache/selenium/chrome/linux64/115.0.5790.170/chrome is no longer running, so ChromeDriver is assuming that Chrome has crashed.)","time":{"start":1692040828640,"stop":1692040828640,"duration":0}},{"uid":"95a42858834dd7b7","status":"broken","statusDetails":"selenium.common.exceptions.WebDriverException: Message: unknown error: Chrome failed to start: exited abnormally.\n  (unknown error: DevToolsActivePort file doesn't exist)\n  (The process started from chrome location /root/.cache/selenium/chrome/linux64/115.0.5790.170/chrome is no longer running, so ChromeDriver is assuming that Chrome has crashed.)","time":{"start":1692037221599,"stop":1692037221599,"duration":0}},{"uid":"aa47c2b3130d8ea","status":"broken","statusDetails":"selenium.common.exceptions.WebDriverException: Message: unknown error: Chrome failed to start: exited abnormally.\n  (unknown error: DevToolsActivePort file doesn't exist)\n  (The process started from chrome location /root/.cache/selenium/chrome/linux64/115.0.5790.170/chrome is no longer running, so ChromeDriver is assuming that Chrome has crashed.)","time":{"start":1692036959221,"stop":1692036959221,"duration":0}},{"uid":"7980f2cfdf2a730e","status":"broken","statusDetails":"selenium.common.exceptions.WebDriverException: Message: unknown error: Chrome failed to start: exited abnormally.\n  (unknown error: DevToolsActivePort file doesn't exist)\n  (The process started from chrome location /root/.cache/selenium/chrome/linux64/115.0.5790.170/chrome is no longer running, so ChromeDriver is assuming that Chrome has crashed.)","time":{"start":1692036495626,"stop":1692036495626,"duration":0}},{"uid":"86b5f316c847e64f","status":"broken","statusDetails":"selenium.common.exceptions.WebDriverException: Message: unknown error: Chrome failed to start: exited abnormally.\n  (unknown error: DevToolsActivePort file doesn't exist)\n  (The process started from chrome location /root/.cache/selenium/chrome/linux64/115.0.5790.170/chrome is no longer running, so ChromeDriver is assuming that Chrome has crashed.)","time":{"start":1692006709546,"stop":1692006709546,"duration":0}},{"uid":"b38a307b8289fb11","status":"broken","statusDetails":"selenium.common.exceptions.WebDriverException: Message: unknown error: Chrome failed to start: exited abnormally.\n  (unknown error: DevToolsActivePort file doesn't exist)\n  (The process started from chrome location /root/.cache/selenium/chrome/linux64/115.0.5790.170/chrome is no longer running, so ChromeDriver is assuming that Chrome has crashed.)","time":{"start":1692000033789,"stop":1692000033789,"duration":0}},{"uid":"2becb1b08f898a5d","status":"broken","statusDetails":"selenium.common.exceptions.WebDriverException: Message: unknown error: Chrome failed to start: exited abnormally.\n  (unknown error: DevToolsActivePort file doesn't exist)\n  (The process started from chrome location /root/.cache/selenium/chrome/linux64/115.0.5790.170/chrome is no longer running, so ChromeDriver is assuming that Chrome has crashed.)","time":{"start":1691998295212,"stop":1691998295212,"duration":0}},{"uid":"7b51036f0ab1eb14","status":"broken","statusDetails":"selenium.common.exceptions.WebDriverException: Message: unknown error: Chrome failed to start: exited abnormally.\n  (unknown error: DevToolsActivePort file doesn't exist)\n  (The process started from chrome location /root/.cache/selenium/chrome/linux64/115.0.5790.170/chrome is no longer running, so ChromeDriver is assuming that Chrome has crashed.)","time":{"start":1691996723306,"stop":1691996723306,"duration":0}},{"uid":"90025940f78b1947","status":"broken","statusDetails":"selenium.common.exceptions.WebDriverException: Message: unknown error: Chrome failed to start: exited abnormally.\n  (unknown error: DevToolsActivePort file doesn't exist)\n  (The process started from chrome location /root/.cache/selenium/chrome/linux64/115.0.5790.170/chrome is no longer running, so ChromeDriver is assuming that Chrome has crashed.)","time":{"start":1691995424839,"stop":1691995424839,"duration":0}},{"uid":"cac28616f019a2a2","status":"broken","statusDetails":"selenium.common.exceptions.WebDriverException: Message: unknown error: Chrome failed to start: exited abnormally.\n  (unknown error: DevToolsActivePort file doesn't exist)\n  (The process started from chrome location /root/.cache/selenium/chrome/linux64/115.0.5790.170/chrome is no longer running, so ChromeDriver is assuming that Chrome has crashed.)","time":{"start":1691956109573,"stop":1691956109573,"duration":0}},{"uid":"86b51f60c8b9d934","status":"broken","statusDetails":"selenium.common.exceptions.WebDriverException: Message: Service /root/.wdm/drivers/chromedriver/linux64/114.0.5735.90/chromedriver unexpectedly exited. Status code was: 255","time":{"start":1691956010352,"stop":1691956010352,"duration":0}},{"uid":"961aabff867aaae1","status":"broken","statusDetails":"selenium.common.exceptions.WebDriverException: Message: Service /root/.wdm/drivers/chromedriver/linux64/114.0.5735.90/chromedriver unexpectedly exited. Status code was: 255","time":{"start":1691955954533,"stop":1691955954533,"duration":0}},{"uid":"c491dc626c9c2283","status":"broken","statusDetails":"selenium.common.exceptions.WebDriverException: Message: Service /root/.wdm/drivers/chromedriver/linux64/114.0.5735.90/chromedriver unexpectedly exited. Status code was: 255","time":{"start":1691955872314,"stop":1691955872314,"duration":0}},{"uid":"11f60858179b919a","status":"passed","time":{"start":1691954594077,"stop":1691954612216,"duration":18139}}],"categories":[{"name":"Test defects","matchedStatuses":[],"flaky":false}],"history":{"statistic":{"failed":0,"broken":2,"skipped":0,"passed":0,"unknown":0,"total":2},"items":[{"uid":"e8bcfe18622f4d","status":"broken","statusDetails":"selenium.common.exceptions.WebDriverException: Message: unknown error: Chrome failed to start: exited abnormally.\n  (unknown error: DevToolsActivePort file doesn't exist)\n  (The process started from chrome location /root/.cache/selenium/chrome/linux64/115.0.5790.170/chrome is no longer running, so ChromeDriver is assuming that Chrome has crashed.)","time":{"start":1692082539649,"stop":1692082539649,"duration":0}}]},"tags":["smoke"]},"source":"d51afe337195fbaa.json","parameterValues":[]}